Performing C SOURCE FILE Test CMAKE_HAVE_LIBC_PTHREAD failed with the following output:
Change Dir: /home/calyx/c_projects/unet_libtorch/cmake-build-debug/CMakeFiles/CMakeTmp

Run Build Command(s):/opt/clion/clion-2022.2.4/bin/ninja/linux/ninja cmTC_3c475 && [1/2] Building C object CMakeFiles/cmTC_3c475.dir/src.c.o
[2/2] Linking C executable cmTC_3c475
FAILED: cmTC_3c475 
: && /usr/bin/cc  -rdynamic CMakeFiles/cmTC_3c475.dir/src.c.o -o cmTC_3c475   && :
CMakeFiles/cmTC_3c475.dir/src.c.o：在函数‘main’中：
src.c:(.text+0x3e)：对‘pthread_create’未定义的引用
src.c:(.text+0x4a)：对‘pthread_detach’未定义的引用
src.c:(.text+0x56)：对‘pthread_cancel’未定义的引用
src.c:(.text+0x67)：对‘pthread_join’未定义的引用
src.c:(.text+0x7b)：对‘pthread_atfork’未定义的引用
collect2: error: ld returned 1 exit status
ninja: build stopped: subcommand failed.


Source file was:
#include <pthread.h>

static void* test_func(void* data)
{
  return data;
}

int main(void)
{
  pthread_t thread;
  pthread_create(&thread, NULL, test_func, NULL);
  pthread_detach(thread);
  pthread_cancel(thread);
  pthread_join(thread, NULL);
  pthread_atfork(NULL, NULL, NULL);
  pthread_exit(NULL);

  return 0;
}

Determining if the function pthread_create exists in the pthreads failed with the following output:
Change Dir: /home/calyx/c_projects/unet_libtorch/cmake-build-debug/CMakeFiles/CMakeTmp

Run Build Command(s):/opt/clion/clion-2022.2.4/bin/ninja/linux/ninja cmTC_0ec0f && [1/2] Building C object CMakeFiles/cmTC_0ec0f.dir/CheckFunctionExists.c.o
[2/2] Linking C executable cmTC_0ec0f
FAILED: cmTC_0ec0f 
: && /usr/bin/cc -DCHECK_FUNCTION_EXISTS=pthread_create -rdynamic CMakeFiles/cmTC_0ec0f.dir/CheckFunctionExists.c.o -o cmTC_0ec0f  -lpthreads && :
/usr/bin/ld: 找不到 -lpthreads
collect2: error: ld returned 1 exit status
ninja: build stopped: subcommand failed.



